nohup: ignoring input
2025-02-17 16:50:42,609 INFO sqlalchemy.engine.Engine SELECT DATABASE()
2025-02-17 16:50:42,610 INFO sqlalchemy.engine.Engine [raw sql] {}
2025-02-17 16:50:42,665 INFO sqlalchemy.engine.Engine SELECT @@sql_mode
2025-02-17 16:50:42,665 INFO sqlalchemy.engine.Engine [raw sql] {}
2025-02-17 16:50:42,695 INFO sqlalchemy.engine.Engine SELECT @@lower_case_table_names
2025-02-17 16:50:42,695 INFO sqlalchemy.engine.Engine [raw sql] {}
2025-02-17 16:50:42,761 INFO sqlalchemy.engine.Engine BEGIN (implicit)
2025-02-17 16:50:42,762 INFO sqlalchemy.engine.Engine CREATE DATABASE IF NOT EXISTS dbbikes;
2025-02-17 16:50:42,762 INFO sqlalchemy.engine.Engine [generated in 0.00038s] {}
2025-02-17 16:50:42,795 INFO sqlalchemy.engine.Engine COMMIT
2025-02-17 16:50:42,847 INFO sqlalchemy.engine.Engine BEGIN (implicit)
2025-02-17 16:50:42,848 INFO sqlalchemy.engine.Engine USE dbbikes;
2025-02-17 16:50:42,848 INFO sqlalchemy.engine.Engine [generated in 0.00024s] {}
2025-02-17 16:50:42,885 INFO sqlalchemy.engine.Engine COMMIT
2025-02-17 16:50:42,945 INFO sqlalchemy.engine.Engine BEGIN (implicit)
2025-02-17 16:50:42,945 INFO sqlalchemy.engine.Engine 
    CREATE TABLE IF NOT EXISTS weather (
    dt DATETIME,
    temp DECIMAL(10, 2),
    feels_like DECIMAL(10, 2),
    pressure INT,
    humidity INT,
    uvi DECIMAL(10, 2),
    clouds INT,
    visibility INT,
    wind_speed DECIMAL(10, 2),
    wind_deg INT,
    main_weather VARCHAR(255),
    description VARCHAR(255)
    );
    
2025-02-17 16:50:42,945 INFO sqlalchemy.engine.Engine [generated in 0.00006s] {}
2025-02-17 16:50:42,961 INFO sqlalchemy.engine.Engine COMMIT
2025-02-17 16:50:43,137 INFO sqlalchemy.engine.Engine BEGIN (implicit)
2025-02-17 16:50:43,139 INFO sqlalchemy.engine.Engine 
    INSERT INTO weather (dt, temp, feels_like, pressure, humidity, uvi, clouds, visibility, wind_speed, wind_deg, main_weather, description) 
    VALUES (%(dt)s, %(temp)s, %(feels_like)s, %(pressure)s, %(humidity)s, %(uvi)s, %(clouds)s, %(visibility)s, %(wind_speed)s, %(wind_deg)s, %(main_weather)s, %(description)s);
    
2025-02-17 16:50:43,139 INFO sqlalchemy.engine.Engine [generated in 0.00035s] {'dt': datetime.datetime(2025, 2, 17, 16, 50, 9), 'temp': 279.54, 'feels_like': 275.55, 'pressure': 1015, 'humidity': 83, 'uvi': 0, 'clouds': 75, 'visibility': 10000, 'wind_speed': 6.71, 'wind_deg': 150, 'main_weather': 'Clouds', 'description': 'broken clouds'}
2025-02-17 16:50:43,149 INFO sqlalchemy.engine.Engine COMMIT
